<?xml version="1.0" encoding="UTF-8" ?>
<testsuite tests="1" failures="0" name="test.SampleTest" time="1.051" errors="0" skipped="0">
  <testcase classname="test.SampleTest" name="shouldGenerate" time="1.051">
    <failure message="some-message"><![CDATA[some-trace]]></failure>
  </testcase>
</testsuite>